{"name":"hexo","hostname":"USER-LKIUH3VJV3","pid":6624,"level":20,"msg":"Hexo version: 3.2.0","time":"2016-04-26T16:21:47.667Z","v":0}
{"name":"hexo","hostname":"USER-LKIUH3VJV3","pid":6624,"level":20,"msg":"Working directory: ~\\Desktop\\Hexo\\","time":"2016-04-26T16:21:47.683Z","v":0}
{"name":"hexo","hostname":"USER-LKIUH3VJV3","pid":6624,"level":20,"msg":"Config loaded: ~\\Desktop\\Hexo\\_config.yml","time":"2016-04-26T16:21:48.135Z","v":0}
{"name":"hexo","hostname":"USER-LKIUH3VJV3","pid":6624,"level":20,"msg":"Plugin loaded: hexo-deployer-git","time":"2016-04-26T16:21:48.575Z","v":0}
{"name":"hexo","hostname":"USER-LKIUH3VJV3","pid":6624,"level":20,"msg":"Plugin loaded: hexo-generator-archive","time":"2016-04-26T16:21:48.590Z","v":0}
{"name":"hexo","hostname":"USER-LKIUH3VJV3","pid":6624,"level":20,"msg":"Plugin loaded: hexo-generator-category","time":"2016-04-26T16:21:48.590Z","v":0}
{"name":"hexo","hostname":"USER-LKIUH3VJV3","pid":6624,"level":20,"msg":"Plugin loaded: hexo-generator-tag","time":"2016-04-26T16:21:48.606Z","v":0}
{"name":"hexo","hostname":"USER-LKIUH3VJV3","pid":6624,"level":20,"msg":"Plugin loaded: hexo-generator-index","time":"2016-04-26T16:21:48.606Z","v":0}
{"name":"hexo","hostname":"USER-LKIUH3VJV3","pid":6624,"level":20,"msg":"Plugin loaded: hexo-renderer-ejs","time":"2016-04-26T16:21:48.622Z","v":0}
{"name":"hexo","hostname":"USER-LKIUH3VJV3","pid":6624,"level":20,"msg":"Plugin loaded: hexo-renderer-marked","time":"2016-04-26T16:21:48.809Z","v":0}
{"name":"hexo","hostname":"USER-LKIUH3VJV3","pid":6624,"level":20,"msg":"Plugin loaded: hexo-renderer-stylus","time":"2016-04-26T16:21:48.809Z","v":0}
{"name":"hexo","hostname":"USER-LKIUH3VJV3","pid":6624,"level":20,"msg":"Plugin loaded: hexo-server","time":"2016-04-26T16:21:49.074Z","v":0}
{"name":"hexo","hostname":"USER-LKIUH3VJV3","pid":6624,"level":20,"msg":"Loading database.","time":"2016-04-26T16:21:49.090Z","v":0}
{"name":"hexo","hostname":"USER-LKIUH3VJV3","pid":6624,"level":30,"msg":"Start processing","time":"2016-04-26T16:21:49.105Z","v":0}
{"name":"hexo","hostname":"USER-LKIUH3VJV3","pid":6624,"level":20,"msg":"Processed: source/404.md","time":"2016-04-26T16:21:49.152Z","v":0}
{"name":"hexo","hostname":"USER-LKIUH3VJV3","pid":6624,"level":20,"msg":"Theme config loaded.","time":"2016-04-26T16:21:49.168Z","v":0}
{"name":"hexo","hostname":"USER-LKIUH3VJV3","pid":6624,"level":20,"msg":"Processed: _config.yml","time":"2016-04-26T16:21:49.168Z","v":0}
{"name":"hexo","hostname":"USER-LKIUH3VJV3","pid":6624,"level":20,"msg":"Processed: source/about/index.md","time":"2016-04-26T16:21:49.183Z","v":0}
{"name":"hexo","hostname":"USER-LKIUH3VJV3","pid":6624,"level":20,"msg":"Processed: source/img/avatar.jpg","time":"2016-04-26T16:21:49.183Z","v":0}
{"name":"hexo","hostname":"USER-LKIUH3VJV3","pid":6624,"level":20,"msg":"Processed: source/img/favicon.ico","time":"2016-04-26T16:21:49.183Z","v":0}
{"name":"hexo","hostname":"USER-LKIUH3VJV3","pid":6624,"level":20,"msg":"Processed: source/img/icon_wechat.png","time":"2016-04-26T16:21:49.183Z","v":0}
{"name":"hexo","hostname":"USER-LKIUH3VJV3","pid":6624,"level":20,"msg":"Processed: source/tags/index.md","time":"2016-04-26T16:21:49.183Z","v":0}
{"name":"hexo","hostname":"USER-LKIUH3VJV3","pid":6624,"level":20,"msg":"Processed: _posts/配置Hexo.md","time":"2016-04-26T16:21:49.214Z","v":0}
{"name":"hexo","hostname":"USER-LKIUH3VJV3","pid":6624,"level":20,"msg":"Processed: source/img/tag-bg.jpg","time":"2016-04-26T16:21:49.214Z","v":0}
{"name":"hexo","hostname":"USER-LKIUH3VJV3","pid":6624,"level":20,"msg":"Processed: source/img/404-bg.jpg","time":"2016-04-26T16:21:49.277Z","v":0}
{"name":"hexo","hostname":"USER-LKIUH3VJV3","pid":6624,"level":20,"msg":"Processed: source/img/home-bg-o.jpg","time":"2016-04-26T16:21:49.277Z","v":0}
{"name":"hexo","hostname":"USER-LKIUH3VJV3","pid":6624,"level":20,"msg":"Processed: source/img/home-bg.jpg","time":"2016-04-26T16:21:49.292Z","v":0}
{"name":"hexo","hostname":"USER-LKIUH3VJV3","pid":6624,"level":20,"msg":"Processed: source/img/contact-bg.jpg","time":"2016-04-26T16:21:49.292Z","v":0}
{"name":"hexo","hostname":"USER-LKIUH3VJV3","pid":6624,"level":20,"msg":"Processed: themes/huxblog/layout/archive.ejs","time":"2016-04-26T16:21:49.308Z","v":0}
{"name":"hexo","hostname":"USER-LKIUH3VJV3","pid":6624,"level":20,"msg":"Processed: themes/huxblog/layout/404.ejs","time":"2016-04-26T16:21:49.308Z","v":0}
{"name":"hexo","hostname":"USER-LKIUH3VJV3","pid":6624,"level":20,"msg":"Processed: themes/huxblog/layout/about.ejs","time":"2016-04-26T16:21:49.308Z","v":0}
{"name":"hexo","hostname":"USER-LKIUH3VJV3","pid":6624,"level":20,"msg":"Processed: themes/huxblog/layout/index.ejs","time":"2016-04-26T16:21:49.308Z","v":0}
{"name":"hexo","hostname":"USER-LKIUH3VJV3","pid":6624,"level":20,"msg":"Processed: themes/huxblog/layout/keynote.ejs","time":"2016-04-26T16:21:49.308Z","v":0}
{"name":"hexo","hostname":"USER-LKIUH3VJV3","pid":6624,"level":20,"msg":"Processed: themes/huxblog/layout/layout.ejs","time":"2016-04-26T16:21:49.308Z","v":0}
{"name":"hexo","hostname":"USER-LKIUH3VJV3","pid":6624,"level":20,"msg":"Processed: themes/huxblog/layout/post.ejs","time":"2016-04-26T16:21:49.308Z","v":0}
{"name":"hexo","hostname":"USER-LKIUH3VJV3","pid":6624,"level":20,"msg":"Processed: themes/huxblog/layout/page.ejs","time":"2016-04-26T16:21:49.308Z","v":0}
{"name":"hexo","hostname":"USER-LKIUH3VJV3","pid":6624,"level":20,"msg":"Processed: themes/huxblog/layout/tags.ejs","time":"2016-04-26T16:21:49.308Z","v":0}
{"name":"hexo","hostname":"USER-LKIUH3VJV3","pid":6624,"level":20,"msg":"Processed: source/img/about-bg.jpg","time":"2016-04-26T16:21:49.308Z","v":0}
{"name":"hexo","hostname":"USER-LKIUH3VJV3","pid":6624,"level":20,"msg":"Processed: themes/huxblog/layout/_partial/head.ejs","time":"2016-04-26T16:21:49.324Z","v":0}
{"name":"hexo","hostname":"USER-LKIUH3VJV3","pid":6624,"level":20,"msg":"Processed: themes/huxblog/layout/_partial/pagination.ejs","time":"2016-04-26T16:21:49.324Z","v":0}
{"name":"hexo","hostname":"USER-LKIUH3VJV3","pid":6624,"level":20,"msg":"Processed: themes/huxblog/layout/_partial/footer.ejs","time":"2016-04-26T16:21:49.324Z","v":0}
{"name":"hexo","hostname":"USER-LKIUH3VJV3","pid":6624,"level":20,"msg":"Processed: themes/huxblog/layout/_partial/nav.ejs","time":"2016-04-26T16:21:49.324Z","v":0}
{"name":"hexo","hostname":"USER-LKIUH3VJV3","pid":6624,"level":20,"msg":"Generator: page","time":"2016-04-26T16:21:49.714Z","v":0}
{"name":"hexo","hostname":"USER-LKIUH3VJV3","pid":6624,"level":20,"msg":"Generator: post","time":"2016-04-26T16:21:49.714Z","v":0}
{"name":"hexo","hostname":"USER-LKIUH3VJV3","pid":6624,"level":20,"msg":"Generator: archive","time":"2016-04-26T16:21:49.714Z","v":0}
{"name":"hexo","hostname":"USER-LKIUH3VJV3","pid":6624,"level":20,"msg":"Generator: category","time":"2016-04-26T16:21:49.714Z","v":0}
{"name":"hexo","hostname":"USER-LKIUH3VJV3","pid":6624,"level":20,"msg":"Generator: tag","time":"2016-04-26T16:21:49.714Z","v":0}
{"name":"hexo","hostname":"USER-LKIUH3VJV3","pid":6624,"level":20,"msg":"Generator: index","time":"2016-04-26T16:21:49.714Z","v":0}
{"name":"hexo","hostname":"USER-LKIUH3VJV3","pid":6624,"level":20,"msg":"Generator: asset","time":"2016-04-26T16:21:49.714Z","v":0}
{"name":"hexo","hostname":"USER-LKIUH3VJV3","pid":6624,"level":30,"msg":"Hexo is running at http://0.0.0.0:4000/. Press Ctrl+C to stop.","time":"2016-04-26T16:21:49.729Z","v":0}
{"name":"hexo","hostname":"USER-LKIUH3VJV3","pid":6624,"level":20,"msg":"Database saved","time":"2016-04-26T16:21:49.745Z","v":0}
{"name":"hexo","hostname":"USER-LKIUH3VJV3","pid":6624,"level":20,"msg":"Rendering index: index.html","time":"2016-04-26T16:21:59.385Z","v":0}
{"name":"hexo","hostname":"USER-LKIUH3VJV3","pid":6624,"level":20,"msg":"Rendering index: index.html","time":"2016-04-26T16:22:03.519Z","v":0}
{"name":"hexo","hostname":"USER-LKIUH3VJV3","pid":6624,"level":20,"msg":"Rendering index: index.html","time":"2016-04-26T16:22:07.251Z","v":0}
